----------SocketComm Settings-----------02/07/2014 13:53:07.406----------------
CloseSocketInMainThread = False
ZeroWinsockSendBuffer   = False
ZeroWinsockRecvBuffer   = False
MaxSendOperationSize    = 32KB
MaxRecvOperationSize    = 2048KB
----------SocketComm Settings-----------02/07/2014 13:58:48.223----------------
CloseSocketInMainThread = False
ZeroWinsockSendBuffer   = False
ZeroWinsockRecvBuffer   = False
MaxSendOperationSize    = 32KB
MaxRecvOperationSize    = 2048KB
----------SocketComm Settings-----------02/07/2014 13:59:17.512----------------
CloseSocketInMainThread = False
ZeroWinsockSendBuffer   = False
ZeroWinsockRecvBuffer   = False
MaxSendOperationSize    = 32KB
MaxRecvOperationSize    = 2048KB
----------SocketComm Settings-----------02/07/2014 15:38:05.376----------------
CloseSocketInMainThread = False
ZeroWinsockSendBuffer   = False
ZeroWinsockRecvBuffer   = False
MaxSendOperationSize    = 32KB
MaxRecvOperationSize    = 2048KB
----------SocketComm Settings-----------02/07/2014 15:41:12.281----------------
CloseSocketInMainThread = False
ZeroWinsockSendBuffer   = False
ZeroWinsockRecvBuffer   = False
MaxSendOperationSize    = 32KB
MaxRecvOperationSize    = 2048KB
----------SocketComm Settings-----------07/07/2014 13:53:09.369----------------
CloseSocketInMainThread = False
ZeroWinsockSendBuffer   = False
ZeroWinsockRecvBuffer   = False
MaxSendOperationSize    = 32KB
MaxRecvOperationSize    = 2048KB
----------SocketComm Settings-----------07/07/2014 14:06:43.019----------------
CloseSocketInMainThread = False
ZeroWinsockSendBuffer   = False
ZeroWinsockRecvBuffer   = False
MaxSendOperationSize    = 32KB
MaxRecvOperationSize    = 2048KB
