----------SocketComm Settings-----------07/07/2014 17:53:04.008----------------
CloseSocketInMainThread = False
ZeroWinsockSendBuffer   = False
ZeroWinsockRecvBuffer   = False
MaxSendOperationSize    = 32KB
MaxRecvOperationSize    = 2048KB
----------SocketComm Settings-----------07/07/2014 17:53:12.911----------------
CloseSocketInMainThread = False
ZeroWinsockSendBuffer   = False
ZeroWinsockRecvBuffer   = False
MaxSendOperationSize    = 32KB
MaxRecvOperationSize    = 2048KB
----------SocketComm Settings-----------07/07/2014 17:53:57.442----------------
CloseSocketInMainThread = False
ZeroWinsockSendBuffer   = False
ZeroWinsockRecvBuffer   = False
MaxSendOperationSize    = 32KB
MaxRecvOperationSize    = 2048KB
----------SocketComm Settings-----------07/07/2014 18:20:18.691----------------
CloseSocketInMainThread = False
ZeroWinsockSendBuffer   = False
ZeroWinsockRecvBuffer   = False
MaxSendOperationSize    = 32KB
MaxRecvOperationSize    = 2048KB
----------SocketComm Settings-----------07/07/2014 18:35:03.323----------------
CloseSocketInMainThread = False
ZeroWinsockSendBuffer   = False
ZeroWinsockRecvBuffer   = False
MaxSendOperationSize    = 32KB
MaxRecvOperationSize    = 2048KB
----------SocketComm Settings-----------07/07/2014 18:35:39.806----------------
CloseSocketInMainThread = False
ZeroWinsockSendBuffer   = False
ZeroWinsockRecvBuffer   = False
MaxSendOperationSize    = 32KB
MaxRecvOperationSize    = 2048KB
